#
# There is insufficient memory for the Java Runtime Environment to continue.
# Native memory allocation (malloc) failed to allocate 32744 bytes. Error detail: ChunkPool::allocate
# Possible reasons:
#   The system is out of physical RAM or swap space
#   This process is running with CompressedOops enabled, and the Java Heap may be blocking the growth of the native heap
# Possible solutions:
#   Reduce memory load on the system
#   Increase physical memory or swap space
#   Check if swap backing store is full
#   Decrease Java heap size (-Xmx/-Xms)
#   Decrease number of Java threads
#   Decrease Java thread stack sizes (-Xss)
#   Set larger code cache with -XX:ReservedCodeCacheSize=
#   JVM is running with Zero Based Compressed Oops mode in which the Java heap is
#     placed in the first 32GB address space. The Java Heap base address is the
#     maximum limit for the native heap growth. Please use -XX:HeapBaseMinAddress
#     to set the Java Heap base and to place the Java Heap above 32GB virtual address.
# This output file may be truncated or incomplete.
#
#  Out of Memory Error (arena.cpp:79), pid=62676, tid=67136
#
# JRE version: OpenJDK Runtime Environment Corretto-17.0.14.7.1 (17.0.14+7) (build 17.0.14+7-LTS)
# Java VM: OpenJDK 64-Bit Server VM Corretto-17.0.14.7.1 (17.0.14+7-LTS, mixed mode, sharing, tiered, compressed oops, compressed class ptrs, g1 gc, windows-amd64)
# No core dump will be written. Minidumps are not enabled by default on client versions of Windows
#

---------------  S U M M A R Y ------------

Command Line: -javaagent:D:\Program Files\JetBrains\IntelliJ IDEA Community Edition 2024.3.3\lib\idea_rt.jar=36775:D:\Program Files\JetBrains\IntelliJ IDEA Community Edition 2024.3.3\bin -Dfile.encoding=UTF-8 project.general_service_registry.GeneralServiceRegistryApplication

Host: Intel(R) Core(TM) i7-14700, 28 cores, 63G,  Windows 11 , 64 bit Build 26100 (10.0.26100.8521)
Time: Sun Jun 28 16:13:13 2026 China Standard Time elapsed time: 87.266397 seconds (0d 0h 1m 27s)

---------------  T H R E A D  ---------------

Current thread (0x0000029d3643c940):  JavaThread "C2 CompilerThread0" daemon [_thread_in_native, id=67136, stack(0x000000c1f5700000,0x000000c1f5800000)]


Current CompileTask:
C2:  87266 8971       4       com.netflix.eureka.util.batcher.AcceptorExecutor$AcceptorRunner::drainInputQueues (146 bytes)

Stack: [0x000000c1f5700000,0x000000c1f5800000]
Native frames: (J=compiled Java code, j=interpreted, Vv=VM code, C=native code)
V  [jvm.dll+0x681069]
V  [jvm.dll+0x838cca]
V  [jvm.dll+0x83a78e]
V  [jvm.dll+0x83adf3]
V  [jvm.dll+0x24826f]
V  [jvm.dll+0xacbf1]
V  [jvm.dll+0xad03c]
V  [jvm.dll+0x3488fb]
V  [jvm.dll+0x34e31a]
V  [jvm.dll+0x694526]
V  [jvm.dll+0x695c83]
V  [jvm.dll+0x699436]
V  [jvm.dll+0x69153b]
V  [jvm.dll+0x690b77]
V  [jvm.dll+0x68ea62]
V  [jvm.dll+0x1a88ac]
V  [jvm.dll+0x1a9446]
V  [jvm.dll+0x2aeb04]
V  [jvm.dll+0x699585]
V  [jvm.dll+0x69153b]
V  [jvm.dll+0x690b77]
V  [jvm.dll+0x68ea62]
V  [jvm.dll+0x1a88ac]
V  [jvm.dll+0x1a9446]
V  [jvm.dll+0x2aeb04]
V  [jvm.dll+0x699585]
V  [jvm.dll+0x69153b]
V  [jvm.dll+0x690b77]
V  [jvm.dll+0x68ea62]
V  [jvm.dll+0x1a88ac]
V  [jvm.dll+0x1a9446]
V  [jvm.dll+0x2aeb04]
V  [jvm.dll+0x699585]
V  [jvm.dll+0x69153b]
V  [jvm.dll+0x690b77]
V  [jvm.dll+0x68ea62]
V  [jvm.dll+0x1a88ac]
V  [jvm.dll+0x1a9446]
V  [jvm.dll+0x1a9446]
V  [jvm.dll+0x2aeb04]
V  [jvm.dll+0x699585]
V  [jvm.dll+0x69153b]
V  [jvm.dll+0x690b77]
V  [jvm.dll+0x68ea62]
V  [jvm.dll+0x1a88ac]
V  [jvm.dll+0x2aeb04]
V  [jvm.dll+0x699585]
V  [jvm.dll+0x69153b]
V  [jvm.dll+0x690b77]
V  [jvm.dll+0x68ea62]
V  [jvm.dll+0x1a88ac]
V  [jvm.dll+0x2197a8]
V  [jvm.dll+0x1a599d]
V  [jvm.dll+0x22994d]
V  [jvm.dll+0x227adc]
V  [jvm.dll+0x7edb77]
V  [jvm.dll+0x7e7f6c]
V  [jvm.dll+0x67ff37]
C  [ucrtbase.dll+0x2cd30]
C  [KERNEL32.DLL+0x2e957]
C  [ntdll.dll+0x87c1c]


---------------  P R O C E S S  ---------------

Threads class SMR info:
_java_thread_list=0x0000029dc8236230, length=60, elements={
0x0000029d36423670, 0x0000029d36426db0, 0x0000029d36437150, 0x0000029d36437b10,
0x0000029d36439040, 0x0000029d3643a570, 0x0000029d3643c940, 0x0000029d36447360,
0x0000029d3644ccf0, 0x0000029d36559d80, 0x0000029dc5393cb0, 0x0000029dc53b03c0,
0x0000029dc8d63850, 0x0000029dc6252500, 0x0000029dca0a6df0, 0x0000029dc5ed6760,
0x0000029dc5ed5320, 0x0000029dc5ed4900, 0x0000029dc5ed7180, 0x0000029dc5ed5d40,
0x0000029dc5ed6250, 0x0000029dc5ed4e10, 0x0000029dc8269d90, 0x0000029dc826a2a0,
0x0000029dc826a7b0, 0x0000029dc826acc0, 0x0000029dc826e980, 0x0000029dc826d540,
0x0000029dc826b1d0, 0x0000029dc826e470, 0x0000029dc826da50, 0x0000029dc826df60,
0x0000029dc826c100, 0x0000029dc826ee90, 0x0000029dc826b6e0, 0x0000029dc826c610,
0x0000029dc826f3a0, 0x0000029dc826bbf0, 0x0000029dc826f8b0, 0x0000029dc82702d0,
0x0000029dc826cb20, 0x0000029dc826fdc0, 0x0000029dc82707e0, 0x0000029dc826d030,
0x0000029dc8270cf0, 0x0000029dc8271200, 0x0000029dc8271710, 0x0000029dc8fad0c0,
0x0000029dc8facbb0, 0x0000029dc8fab770, 0x0000029dc8faef20, 0x0000029dc8fadae0,
0x0000029dc8fabc80, 0x0000029dc8fadff0, 0x0000029dc8fae500, 0x0000029dc8faea10,
0x0000029dc8faf430, 0x0000029dc8faf940, 0x0000029dc8fad5d0, 0x0000029dc8fafe50
}

Java Threads: ( => current thread )
  0x0000029d36423670 JavaThread "Reference Handler" daemon [_thread_blocked, id=62716, stack(0x000000c1f5100000,0x000000c1f5200000)]
  0x0000029d36426db0 JavaThread "Finalizer" daemon [_thread_blocked, id=44900, stack(0x000000c1f5200000,0x000000c1f5300000)]
  0x0000029d36437150 JavaThread "Signal Dispatcher" daemon [_thread_blocked, id=75652, stack(0x000000c1f5300000,0x000000c1f5400000)]
  0x0000029d36437b10 JavaThread "Attach Listener" daemon [_thread_blocked, id=23344, stack(0x000000c1f5400000,0x000000c1f5500000)]
  0x0000029d36439040 JavaThread "Service Thread" daemon [_thread_blocked, id=38392, stack(0x000000c1f5500000,0x000000c1f5600000)]
  0x0000029d3643a570 JavaThread "Monitor Deflation Thread" daemon [_thread_blocked, id=18032, stack(0x000000c1f5600000,0x000000c1f5700000)]
=>0x0000029d3643c940 JavaThread "C2 CompilerThread0" daemon [_thread_in_native, id=67136, stack(0x000000c1f5700000,0x000000c1f5800000)]
  0x0000029d36447360 JavaThread "C1 CompilerThread0" daemon [_thread_blocked, id=12524, stack(0x000000c1f5800000,0x000000c1f5900000)]
  0x0000029d3644ccf0 JavaThread "Sweeper thread" daemon [_thread_blocked, id=3852, stack(0x000000c1f5900000,0x000000c1f5a00000)]
  0x0000029d36559d80 JavaThread "Common-Cleaner" daemon [_thread_blocked, id=31704, stack(0x000000c1f5a00000,0x000000c1f5b00000)]
  0x0000029dc5393cb0 JavaThread "Monitor Ctrl-Break" daemon [_thread_in_native, id=43096, stack(0x000000c1f5f00000,0x000000c1f6000000)]
  0x0000029dc53b03c0 JavaThread "Notification Thread" daemon [_thread_blocked, id=45868, stack(0x000000c1f6000000,0x000000c1f6100000)]
  0x0000029dc8d63850 JavaThread "Catalina-utility-1" [_thread_blocked, id=37632, stack(0x000000c1f7f00000,0x000000c1f8000000)]
  0x0000029dc6252500 JavaThread "Catalina-utility-2" [_thread_blocked, id=52352, stack(0x000000c1f8000000,0x000000c1f8100000)]
  0x0000029dca0a6df0 JavaThread "container-0" [_thread_blocked, id=68160, stack(0x000000c1f8100000,0x000000c1f8200000)]
  0x0000029dc5ed6760 JavaThread "spectator-gauge-polling-0" daemon [_thread_blocked, id=51048, stack(0x000000c1f7800000,0x000000c1f7900000)]
  0x0000029dc5ed5320 JavaThread "Eureka-DeltaRetentionTimer" daemon [_thread_blocked, id=58592, stack(0x000000c1f7900000,0x000000c1f7a00000)]
  0x0000029dc5ed4900 JavaThread "Eureka-EvictionTimer" daemon [_thread_blocked, id=72812, stack(0x000000c1f7d00000,0x000000c1f7e00000)]
  0x0000029dc5ed7180 JavaThread "Eureka-MeasureRateTimer" daemon [_thread_blocked, id=36144, stack(0x000000c1f7e00000,0x000000c1f7f00000)]
  0x0000029dc5ed5d40 JavaThread "ReplicaAwareInstanceRegistry - RenewalThresholdUpdater" daemon [_thread_blocked, id=38700, stack(0x000000c1f8400000,0x000000c1f8500000)]
  0x0000029dc5ed6250 JavaThread "Eureka-MeasureRateTimer" daemon [_thread_blocked, id=50336, stack(0x000000c1f8500000,0x000000c1f8600000)]
  0x0000029dc5ed4e10 JavaThread "Eureka-Jersey3Client-Conn-Cleaner2" daemon [_thread_blocked, id=66148, stack(0x000000c1f8600000,0x000000c1f8700000)]
  0x0000029dc8269d90 JavaThread "TaskAcceptor-target_localhost" daemon [_thread_blocked, id=51280, stack(0x000000c1f8700000,0x000000c1f8800000)]
  0x0000029dc826a2a0 JavaThread "TaskBatchingWorker-target_localhost-0" daemon [_thread_blocked, id=75800, stack(0x000000c1f8800000,0x000000c1f8900000)]
  0x0000029dc826a7b0 JavaThread "TaskBatchingWorker-target_localhost-1" daemon [_thread_blocked, id=13620, stack(0x000000c1f8900000,0x000000c1f8a00000)]
  0x0000029dc826acc0 JavaThread "TaskBatchingWorker-target_localhost-2" daemon [_thread_blocked, id=16664, stack(0x000000c1f8a00000,0x000000c1f8b00000)]
  0x0000029dc826e980 JavaThread "TaskBatchingWorker-target_localhost-3" daemon [_thread_blocked, id=68176, stack(0x000000c1f8b00000,0x000000c1f8c00000)]
  0x0000029dc826d540 JavaThread "TaskBatchingWorker-target_localhost-4" daemon [_thread_blocked, id=22388, stack(0x000000c1f8c00000,0x000000c1f8d00000)]
  0x0000029dc826b1d0 JavaThread "TaskBatchingWorker-target_localhost-5" daemon [_thread_blocked, id=42652, stack(0x000000c1f8d00000,0x000000c1f8e00000)]
  0x0000029dc826e470 JavaThread "TaskBatchingWorker-target_localhost-6" daemon [_thread_blocked, id=38108, stack(0x000000c1f8e00000,0x000000c1f8f00000)]
  0x0000029dc826da50 JavaThread "TaskBatchingWorker-target_localhost-7" daemon [_thread_blocked, id=27984, stack(0x000000c1f8f00000,0x000000c1f9000000)]
  0x0000029dc826df60 JavaThread "TaskBatchingWorker-target_localhost-8" daemon [_thread_blocked, id=61672, stack(0x000000c1f9000000,0x000000c1f9100000)]
  0x0000029dc826c100 JavaThread "TaskBatchingWorker-target_localhost-9" daemon [_thread_blocked, id=28404, stack(0x000000c1f9100000,0x000000c1f9200000)]
  0x0000029dc826ee90 JavaThread "TaskBatchingWorker-target_localhost-10" daemon [_thread_blocked, id=25588, stack(0x000000c1f9200000,0x000000c1f9300000)]
  0x0000029dc826b6e0 JavaThread "TaskBatchingWorker-target_localhost-11" daemon [_thread_blocked, id=70164, stack(0x000000c1f9300000,0x000000c1f9400000)]
  0x0000029dc826c610 JavaThread "TaskBatchingWorker-target_localhost-12" daemon [_thread_blocked, id=7104, stack(0x000000c1f9400000,0x000000c1f9500000)]
  0x0000029dc826f3a0 JavaThread "TaskBatchingWorker-target_localhost-13" daemon [_thread_blocked, id=38916, stack(0x000000c1f9500000,0x000000c1f9600000)]
  0x0000029dc826bbf0 JavaThread "TaskBatchingWorker-target_localhost-14" daemon [_thread_blocked, id=66084, stack(0x000000c1f9600000,0x000000c1f9700000)]
  0x0000029dc826f8b0 JavaThread "TaskBatchingWorker-target_localhost-15" daemon [_thread_blocked, id=39944, stack(0x000000c1f9700000,0x000000c1f9800000)]
  0x0000029dc82702d0 JavaThread "TaskBatchingWorker-target_localhost-16" daemon [_thread_blocked, id=14528, stack(0x000000c1f9800000,0x000000c1f9900000)]
  0x0000029dc826cb20 JavaThread "TaskBatchingWorker-target_localhost-17" daemon [_thread_blocked, id=59168, stack(0x000000c1f9900000,0x000000c1f9a00000)]
  0x0000029dc826fdc0 JavaThread "TaskBatchingWorker-target_localhost-18" daemon [_thread_blocked, id=39968, stack(0x000000c1f9a00000,0x000000c1f9b00000)]
  0x0000029dc82707e0 JavaThread "TaskBatchingWorker-target_localhost-19" daemon [_thread_blocked, id=22288, stack(0x000000c1f9b00000,0x000000c1f9c00000)]
  0x0000029dc826d030 JavaThread "TaskAcceptor-localhost" daemon [_thread_blocked, id=68072, stack(0x000000c1f9c00000,0x000000c1f9d00000)]
  0x0000029dc8270cf0 JavaThread "TaskNonBatchingWorker-localhost-0" daemon [_thread_blocked, id=57400, stack(0x000000c1f9d00000,0x000000c1f9e00000)]
  0x0000029dc8271200 JavaThread "Eureka-PeerNodesUpdater" daemon [_thread_blocked, id=47864, stack(0x000000c1f9e00000,0x000000c1f9f00000)]
  0x0000029dc8271710 JavaThread "Eureka-CacheFillTimer" daemon [_thread_blocked, id=73584, stack(0x000000c1f9f00000,0x000000c1fa000000)]
  0x0000029dc8fad0c0 JavaThread "http-nio-8081-exec-1" daemon [_thread_blocked, id=52752, stack(0x000000c1fa100000,0x000000c1fa200000)]
  0x0000029dc8facbb0 JavaThread "http-nio-8081-exec-2" daemon [_thread_blocked, id=34868, stack(0x000000c1fa200000,0x000000c1fa300000)]
  0x0000029dc8fab770 JavaThread "http-nio-8081-exec-3" daemon [_thread_blocked, id=39040, stack(0x000000c1fa300000,0x000000c1fa400000)]
  0x0000029dc8faef20 JavaThread "http-nio-8081-exec-4" daemon [_thread_blocked, id=17148, stack(0x000000c1fa400000,0x000000c1fa500000)]
  0x0000029dc8fadae0 JavaThread "http-nio-8081-exec-5" daemon [_thread_blocked, id=53896, stack(0x000000c1fa500000,0x000000c1fa600000)]
  0x0000029dc8fabc80 JavaThread "http-nio-8081-exec-6" daemon [_thread_blocked, id=44544, stack(0x000000c1fa600000,0x000000c1fa700000)]
  0x0000029dc8fadff0 JavaThread "http-nio-8081-exec-7" daemon [_thread_blocked, id=39328, stack(0x000000c1fa700000,0x000000c1fa800000)]
  0x0000029dc8fae500 JavaThread "http-nio-8081-exec-8" daemon [_thread_blocked, id=11820, stack(0x000000c1fa800000,0x000000c1fa900000)]
  0x0000029dc8faea10 JavaThread "http-nio-8081-exec-9" daemon [_thread_blocked, id=17060, stack(0x000000c1fa900000,0x000000c1faa00000)]
  0x0000029dc8faf430 JavaThread "http-nio-8081-exec-10" daemon [_thread_blocked, id=15488, stack(0x000000c1faa00000,0x000000c1fab00000)]
  0x0000029dc8faf940 JavaThread "http-nio-8081-Poller" daemon [_thread_in_native, id=53460, stack(0x000000c1fa000000,0x000000c1fa100000)]
  0x0000029dc8fad5d0 JavaThread "http-nio-8081-Acceptor" daemon [_thread_in_native, id=28856, stack(0x000000c1fab00000,0x000000c1fac00000)]
  0x0000029dc8fafe50 JavaThread "DestroyJavaVM" [_thread_blocked, id=69636, stack(0x000000c1f4a00000,0x000000c1f4b00000)]

Other Threads:
  0x0000029d3641a5c0 VMThread "VM Thread" [stack: 0x000000c1f5000000,0x000000c1f5100000] [id=12136]
  0x0000029d7502c6c0 WatcherThread [stack: 0x000000c1f6100000,0x000000c1f6200000] [id=56368]
  0x0000029d750a0c60 GCTaskThread "GC Thread#0" [stack: 0x000000c1f4b00000,0x000000c1f4c00000] [id=65984]
  0x0000029dc61f7d80 GCTaskThread "GC Thread#1" [stack: 0x000000c1f6200000,0x000000c1f6300000] [id=45332]
  0x0000029dc619b450 GCTaskThread "GC Thread#2" [stack: 0x000000c1f6300000,0x000000c1f6400000] [id=38848]
  0x0000029dc619b710 GCTaskThread "GC Thread#3" [stack: 0x000000c1f6400000,0x000000c1f6500000] [id=43832]
  0x0000029dc5f508b0 GCTaskThread "GC Thread#4" [stack: 0x000000c1f6500000,0x000000c1f6600000] [id=73180]
  0x0000029dc61f6de0 GCTaskThread "GC Thread#5" [stack: 0x000000c1f6600000,0x000000c1f6700000] [id=11312]
  0x0000029dc61f74a0 GCTaskThread "GC Thread#6" [stack: 0x000000c1f6700000,0x000000c1f6800000] [id=76748]
  0x0000029dc60e6240 GCTaskThread "GC Thread#7" [stack: 0x000000c1f6800000,0x000000c1f6900000] [id=70600]
  0x0000029dc60e6900 GCTaskThread "GC Thread#8" [stack: 0x000000c1f6900000,0x000000c1f6a00000] [id=43048]
  0x0000029dc60e6dd0 GCTaskThread "GC Thread#9" [stack: 0x000000c1f6a00000,0x000000c1f6b00000] [id=59148]
  0x0000029dc60515f0 GCTaskThread "GC Thread#10" [stack: 0x000000c1f6b00000,0x000000c1f6c00000] [id=35724]
  0x0000029dc6051cb0 GCTaskThread "GC Thread#11" [stack: 0x000000c1f6c00000,0x000000c1f6d00000] [id=33932]
  0x0000029dc60e0d90 GCTaskThread "GC Thread#12" [stack: 0x000000c1f6d00000,0x000000c1f6e00000] [id=10416]
  0x0000029dc60e1e10 GCTaskThread "GC Thread#13" [stack: 0x000000c1f6e00000,0x000000c1f6f00000] [id=74656]
  0x0000029dc60e0290 GCTaskThread "GC Thread#14" [stack: 0x000000c1f6f00000,0x000000c1f7000000] [id=72008]
  0x0000029dc60e1050 GCTaskThread "GC Thread#15" [stack: 0x000000c1f7000000,0x000000c1f7100000] [id=42796]
  0x0000029dc60e0ad0 GCTaskThread "GC Thread#16" [stack: 0x000000c1f7100000,0x000000c1f7200000] [id=21296]
  0x0000029dc60e1310 GCTaskThread "GC Thread#17" [stack: 0x000000c1f7200000,0x000000c1f7300000] [id=66868]
  0x0000029dc60e15d0 GCTaskThread "GC Thread#18" [stack: 0x000000c1f7300000,0x000000c1f7400000] [id=72240]
  0x0000029dc60e1890 GCTaskThread "GC Thread#19" [stack: 0x000000c1f7400000,0x000000c1f7500000] [id=37572]
  0x0000029d750b1cd0 ConcurrentGCThread "G1 Main Marker" [stack: 0x000000c1f4c00000,0x000000c1f4d00000] [id=16392]
  0x0000029d750b4110 ConcurrentGCThread "G1 Conc#0" [stack: 0x000000c1f4d00000,0x000000c1f4e00000] [id=54004]
  0x0000029dc60e0550 ConcurrentGCThread "G1 Conc#1" [stack: 0x000000c1f7600000,0x000000c1f7700000] [id=19924]
  0x0000029dc60e1b50 ConcurrentGCThread "G1 Conc#2" [stack: 0x000000c1f7a00000,0x000000c1f7b00000] [id=22124]
  0x0000029dc60e0810 ConcurrentGCThread "G1 Conc#3" [stack: 0x000000c1f7b00000,0x000000c1f7c00000] [id=70900]
  0x0000029dc8466fe0 ConcurrentGCThread "G1 Conc#4" [stack: 0x000000c1f7c00000,0x000000c1f7d00000] [id=14388]
  0x0000029d7dd0d450 ConcurrentGCThread "G1 Refine#0" [stack: 0x000000c1f4e00000,0x000000c1f4f00000] [id=6392]
  0x0000029dc663bf60 ConcurrentGCThread "G1 Refine#1" [stack: 0x000000c1f8200000,0x000000c1f8300000] [id=71012]
  0x0000029d362f4020 ConcurrentGCThread "G1 Service" [stack: 0x000000c1f4f00000,0x000000c1f5000000] [id=54024]

Threads with active compile tasks:
C2 CompilerThread0    91221 8971       4       com.netflix.eureka.util.batcher.AcceptorExecutor$AcceptorRunner::drainInputQueues (146 bytes)

VM state: not at safepoint (normal execution)

VM Mutex/Monitor currently owned by a thread: None

Heap address: 0x0000000403800000, size: 16328 MB, Compressed Oops mode: Zero based, Oop shift amount: 3

CDS archive(s) mapped at: [0x0000029d80000000-0x0000029d80bb0000-0x0000029d80bb0000), size 12255232, SharedBaseAddress: 0x0000029d80000000, ArchiveRelocationMode: 1.
Compressed class space mapped at: 0x0000029d81000000-0x0000029dc1000000, reserved size: 1073741824
Narrow klass base: 0x0000029d80000000, Narrow klass shift: 0, Narrow klass range: 0x100000000

GC Precious Log:
 CPUs: 28 total, 28 available
 Memory: 65308M
 Large Page Support: Disabled
 NUMA Support: Disabled
 Compressed Oops: Enabled (Zero based)
 Heap Region Size: 8M
 Heap Min Capacity: 8M
 Heap Initial Capacity: 1G
 Heap Max Capacity: 16328M
 Pre-touch: Disabled
 Parallel Workers: 20
 Concurrent Workers: 5
 Concurrent Refinement Workers: 20
 Periodic GC: Disabled

Heap:
 garbage-first heap   total 114688K, used 41797K [0x0000000403800000, 0x0000000800000000)
  region size 8192K, 2 young (16384K), 1 survivors (8192K)
 Metaspace       used 65309K, committed 65856K, reserved 1114112K
  class space    used 8690K, committed 8960K, reserved 1048576K

Heap Regions: E=young(eden), S=young(survivor), O=old, HS=humongous(starts), HC=humongous(continues), CS=collection set, F=free, OA=open archive, CA=closed archive, TAMS=top-at-mark-start (previous, next)
|   0|0x0000000403800000, 0x0000000404000000, 0x0000000404000000|100%| O|  |TAMS 0x0000000404000000, 0x0000000403800000| Untracked 
|   1|0x0000000404000000, 0x0000000404800000, 0x0000000404800000|100%| O|  |TAMS 0x0000000404639800, 0x0000000404000000| Untracked 
|   2|0x0000000404800000, 0x0000000405000000, 0x0000000405000000|100%| O|  |TAMS 0x0000000405000000, 0x0000000404800000| Untracked 
|   3|0x0000000405000000, 0x0000000405800000, 0x0000000405800000|100%| O|  |TAMS 0x0000000405800000, 0x0000000405000000| Untracked 
|   4|0x0000000405800000, 0x0000000405c73a00, 0x0000000406000000| 55%| O|  |TAMS 0x0000000405800000, 0x0000000405800000| Untracked 
|   5|0x0000000406000000, 0x0000000406000000, 0x0000000406800000|  0%| F|  |TAMS 0x0000000406000000, 0x0000000406000000| Untracked 
|   6|0x0000000406800000, 0x0000000406800000, 0x0000000407000000|  0%| F|  |TAMS 0x0000000406800000, 0x0000000406800000| Untracked 
|   7|0x0000000407000000, 0x0000000407000000, 0x0000000407800000|  0%| F|  |TAMS 0x0000000407000000, 0x0000000407000000| Untracked 
|   8|0x0000000407800000, 0x0000000407800000, 0x0000000408000000|  0%| F|  |TAMS 0x0000000407800000, 0x0000000407800000| Untracked 
|   9|0x0000000408000000, 0x000000040845dbb0, 0x0000000408800000| 54%| S|CS|TAMS 0x0000000408000000, 0x0000000408000000| Complete 
|  10|0x0000000408800000, 0x0000000408800000, 0x0000000409000000|  0%| F|  |TAMS 0x0000000408800000, 0x0000000408800000| Untracked 
|  11|0x0000000409000000, 0x0000000409000000, 0x0000000409800000|  0%| F|  |TAMS 0x0000000409000000, 0x0000000409000000| Untracked 
| 123|0x0000000441000000, 0x0000000441000000, 0x0000000441800000|  0%| F|  |TAMS 0x0000000441000000, 0x0000000441000000| Untracked 
| 127|0x0000000443000000, 0x0000000443368fa0, 0x0000000443800000| 42%| E|  |TAMS 0x0000000443000000, 0x0000000443000000| Complete 

Card table byte_map: [0x0000029d0f000000,0x0000029d10ff0000] _byte_map_base: 0x0000029d0cfe4000

Marking Bits (Prev, Next): (CMBitMap*) 0x0000029d750a12c0, (CMBitMap*) 0x0000029d750a1280
 Prev Bits: [0x0000029d22f00000, 0x0000029d32e20000)
 Next Bits: [0x0000029d12fe0000, 0x0000029d22f00000)

Polling page: 0x0000029d72e80000

Metaspace:

Usage:
  Non-class:     55.29 MB used.
      Class:      8.49 MB used.
       Both:     63.78 MB used.

Virtual space:
  Non-class space:       64.00 MB reserved,      55.56 MB ( 87%) committed,  1 nodes.
      Class space:        1.00 GB reserved,       8.75 MB ( <1%) committed,  1 nodes.
             Both:        1.06 GB reserved,      64.31 MB (  6%) committed. 

Chunk freelists:
   Non-Class:  8.06 MB
       Class:  7.07 MB
        Both:  15.13 MB

MaxMetaspaceSize: unlimited
CompressedClassSpaceSize: 1.00 GB
Initial GC threshold: 21.00 MB
Current GC threshold: 98.06 MB
CDS: on
MetaspaceReclaimPolicy: balanced
 - commit_granule_bytes: 65536.
 - commit_granule_words: 8192.
 - virtual_space_node_default_size: 8388608.
 - enlarge_chunks_in_place: 1.
 - new_chunks_are_fully_committed: 0.
 - uncommit_free_chunks: 1.
 - use_allocation_guard: 0.
 - handle_deallocations: 1.


Internal statistics:

num_allocs_failed_limit: 9.
num_arena_births: 816.
num_arena_deaths: 0.
num_vsnodes_births: 2.
num_vsnodes_deaths: 0.
num_space_committed: 1028.
num_space_uncommitted: 0.
num_chunks_returned_to_freelist: 9.
num_chunks_taken_from_freelist: 3170.
num_chunk_merges: 9.
num_chunk_splits: 2212.
num_chunks_enlarged: 1681.
num_inconsistent_stats: 0.

CodeHeap 'non-profiled nmethods': size=119168Kb used=4973Kb max_used=5491Kb free=114194Kb
 bounds [0x0000029d07ba0000, 0x0000029d08140000, 0x0000029d0f000000]
CodeHeap 'profiled nmethods': size=119104Kb used=16052Kb max_used=16052Kb free=103051Kb
 bounds [0x0000029d00000000, 0x0000029d00fb0000, 0x0000029d07450000]
CodeHeap 'non-nmethods': size=7488Kb used=1321Kb max_used=3025Kb free=6166Kb
 bounds [0x0000029d07450000, 0x0000029d07760000, 0x0000029d07ba0000]
 total_blobs=8184 nmethods=7533 adapters=563
 compilation: enabled
              stopped_count=0, restarted_count=0
 full_count=0

Compilation events (20 events):
Event: 81.372 Thread 0x0000029d36447360 nmethod 8963 0x0000029d00fa9290 code [0x0000029d00fa94a0, 0x0000029d00fa98a8]
Event: 81.372 Thread 0x0000029d36447360 8960       1       org.springframework.security.authorization.AuthorizationObservationContext::getAuthorizationResult (5 bytes)
Event: 81.372 Thread 0x0000029d36447360 nmethod 8960 0x0000029d07f43290 code [0x0000029d07f43420, 0x0000029d07f434f8]
Event: 81.372 Thread 0x0000029d36447360 8958       1       io.micrometer.core.instrument.MeterRegistry::access$900 (5 bytes)
Event: 81.373 Thread 0x0000029d36447360 nmethod 8958 0x0000029d07f42f90 code [0x0000029d07f43120, 0x0000029d07f431d8]
Event: 81.373 Thread 0x0000029d36447360 8964       1       io.micrometer.core.instrument.internal.DefaultLongTaskTimer::access$300 (5 bytes)
Event: 81.373 Thread 0x0000029d36447360 nmethod 8964 0x0000029d07f42c90 code [0x0000029d07f42e20, 0x0000029d07f42ed8]
Event: 81.373 Thread 0x0000029d36447360 8965       3       org.apache.catalina.connector.ResponseFacade::isCommitted (12 bytes)
Event: 81.373 Thread 0x0000029d36447360 nmethod 8965 0x0000029d00fa9a90 code [0x0000029d00fa9c60, 0x0000029d00fa9f68]
Event: 81.373 Thread 0x0000029d36447360 8966       3       org.apache.catalina.connector.Response::isAppCommitted (47 bytes)
Event: 81.373 Thread 0x0000029d36447360 nmethod 8966 0x0000029d00faa110 code [0x0000029d00faa320, 0x0000029d00faa938]
Event: 81.401 Thread 0x0000029d3643c940 8967       4       com.netflix.spectator.api.NoopCounter::add (1 bytes)
Event: 81.401 Thread 0x0000029d3643c940 nmethod 8967 0x0000029d07f42990 code [0x0000029d07f42b00, 0x0000029d07f42b78]
Event: 81.942 Thread 0x0000029d36447360 8968       3       com.netflix.eureka.util.batcher.AcceptorExecutor$AcceptorRunner::drainReprocessQueue (179 bytes)
Event: 81.943 Thread 0x0000029d36447360 nmethod 8968 0x0000029d00faab90 code [0x0000029d00faafa0, 0x0000029d00fad068]
Event: 84.569 Thread 0x0000029d3643c940 8969       4       java.util.concurrent.locks.AbstractQueuedSynchronizer$Node::setPrevRelaxed (12 bytes)
Event: 84.569 Thread 0x0000029d3643c940 nmethod 8969 0x0000029d07f42690 code [0x0000029d07f42800, 0x0000029d07f42938]
Event: 85.681 Thread 0x0000029d3643c940 8970       4       org.glassfish.jersey.internal.util.collection.KeyComparatorHashMap$Entry::getKey (8 bytes)
Event: 85.682 Thread 0x0000029d3643c940 nmethod 8970 0x0000029d07f42390 code [0x0000029d07f42500, 0x0000029d07f42598]
Event: 85.741 Thread 0x0000029d3643c940 8971       4       com.netflix.eureka.util.batcher.AcceptorExecutor$AcceptorRunner::drainInputQueues (146 bytes)

GC Heap History (20 events):
Event: 2.196 GC heap before
{Heap before GC invocations=2 (full 0):
 garbage-first heap   total 1048576K, used 39161K [0x0000000403800000, 0x0000000800000000)
  region size 8192K, 5 young (40960K), 1 survivors (8192K)
 Metaspace       used 21178K, committed 21504K, reserved 1114112K
  class space    used 2570K, committed 2752K, reserved 1048576K
}
Event: 2.198 GC heap after
{Heap after GC invocations=3 (full 0):
 garbage-first heap   total 1048576K, used 16556K [0x0000000403800000, 0x0000000800000000)
  region size 8192K, 1 young (8192K), 1 survivors (8192K)
 Metaspace       used 21178K, committed 21504K, reserved 1114112K
  class space    used 2570K, committed 2752K, reserved 1048576K
}
Event: 3.106 GC heap before
{Heap before GC invocations=4 (full 0):
 garbage-first heap   total 114688K, used 73900K [0x0000000403800000, 0x0000000800000000)
  region size 8192K, 8 young (65536K), 1 survivors (8192K)
 Metaspace       used 25770K, committed 26112K, reserved 1114112K
  class space    used 3192K, committed 3392K, reserved 1048576K
}
Event: 3.109 GC heap after
{Heap after GC invocations=5 (full 0):
 garbage-first heap   total 114688K, used 20478K [0x0000000403800000, 0x0000000800000000)
  region size 8192K, 1 young (8192K), 1 survivors (8192K)
 Metaspace       used 25770K, committed 26112K, reserved 1114112K
  class space    used 3192K, committed 3392K, reserved 1048576K
}
Event: 3.227 GC heap before
{Heap before GC invocations=5 (full 0):
 garbage-first heap   total 114688K, used 28670K [0x0000000403800000, 0x0000000800000000)
  region size 8192K, 2 young (16384K), 1 survivors (8192K)
 Metaspace       used 27278K, committed 27648K, reserved 1114112K
  class space    used 3395K, committed 3584K, reserved 1048576K
}
Event: 3.232 GC heap after
{Heap after GC invocations=6 (full 0):
 garbage-first heap   total 114688K, used 21206K [0x0000000403800000, 0x0000000800000000)
  region size 8192K, 1 young (8192K), 1 survivors (8192K)
 Metaspace       used 27278K, committed 27648K, reserved 1114112K
  class space    used 3395K, committed 3584K, reserved 1048576K
}
Event: 3.821 GC heap before
{Heap before GC invocations=6 (full 0):
 garbage-first heap   total 114688K, used 62166K [0x0000000403800000, 0x0000000800000000)
  region size 8192K, 6 young (49152K), 1 survivors (8192K)
 Metaspace       used 32835K, committed 33280K, reserved 1114112K
  class space    used 4126K, committed 4352K, reserved 1048576K
}
Event: 3.824 GC heap after
{Heap after GC invocations=7 (full 0):
 garbage-first heap   total 114688K, used 23238K [0x0000000403800000, 0x0000000800000000)
  region size 8192K, 1 young (8192K), 1 survivors (8192K)
 Metaspace       used 32835K, committed 33280K, reserved 1114112K
  class space    used 4126K, committed 4352K, reserved 1048576K
}
Event: 4.259 GC heap before
{Heap before GC invocations=7 (full 0):
 garbage-first heap   total 114688K, used 39622K [0x0000000403800000, 0x0000000800000000)
  region size 8192K, 5 young (40960K), 1 survivors (8192K)
 Metaspace       used 35511K, committed 35968K, reserved 1114112K
  class space    used 4505K, committed 4736K, reserved 1048576K
}
Event: 4.263 GC heap after
{Heap after GC invocations=8 (full 0):
 garbage-first heap   total 114688K, used 24340K [0x0000000403800000, 0x0000000800000000)
  region size 8192K, 1 young (8192K), 1 survivors (8192K)
 Metaspace       used 35511K, committed 35968K, reserved 1114112K
  class space    used 4505K, committed 4736K, reserved 1048576K
}
Event: 4.956 GC heap before
{Heap before GC invocations=9 (full 0):
 garbage-first heap   total 114688K, used 73492K [0x0000000403800000, 0x0000000800000000)
  region size 8192K, 7 young (57344K), 1 survivors (8192K)
 Metaspace       used 42709K, committed 43136K, reserved 1114112K
  class space    used 5586K, committed 5760K, reserved 1048576K
}
Event: 4.961 GC heap after
{Heap after GC invocations=10 (full 0):
 garbage-first heap   total 114688K, used 30765K [0x0000000403800000, 0x0000000800000000)
  region size 8192K, 1 young (8192K), 1 survivors (8192K)
 Metaspace       used 42709K, committed 43136K, reserved 1114112K
  class space    used 5586K, committed 5760K, reserved 1048576K
}
Event: 5.856 GC heap before
{Heap before GC invocations=10 (full 0):
 garbage-first heap   total 114688K, used 71725K [0x0000000403800000, 0x0000000800000000)
  region size 8192K, 6 young (49152K), 1 survivors (8192K)
 Metaspace       used 47783K, committed 48320K, reserved 1114112K
  class space    used 6426K, committed 6656K, reserved 1048576K
}
Event: 5.860 GC heap after
{Heap after GC invocations=11 (full 0):
 garbage-first heap   total 114688K, used 34522K [0x0000000403800000, 0x0000000800000000)
  region size 8192K, 1 young (8192K), 1 survivors (8192K)
 Metaspace       used 47783K, committed 48320K, reserved 1114112K
  class space    used 6426K, committed 6656K, reserved 1048576K
}
Event: 6.422 GC heap before
{Heap before GC invocations=11 (full 0):
 garbage-first heap   total 114688K, used 75482K [0x0000000403800000, 0x0000000800000000)
  region size 8192K, 6 young (49152K), 1 survivors (8192K)
 Metaspace       used 53275K, committed 53760K, reserved 1114112K
  class space    used 7156K, committed 7424K, reserved 1048576K
}
Event: 6.426 GC heap after
{Heap after GC invocations=12 (full 0):
 garbage-first heap   total 114688K, used 37724K [0x0000000403800000, 0x0000000800000000)
  region size 8192K, 1 young (8192K), 1 survivors (8192K)
 Metaspace       used 53275K, committed 53760K, reserved 1114112K
  class space    used 7156K, committed 7424K, reserved 1048576K
}
Event: 21.409 GC heap before
{Heap before GC invocations=12 (full 0):
 garbage-first heap   total 114688K, used 62300K [0x0000000403800000, 0x0000000800000000)
  region size 8192K, 5 young (40960K), 1 survivors (8192K)
 Metaspace       used 59632K, committed 60160K, reserved 1114112K
  class space    used 7989K, committed 8256K, reserved 1048576K
}
Event: 21.415 GC heap after
{Heap after GC invocations=13 (full 0):
 garbage-first heap   total 114688K, used 39684K [0x0000000403800000, 0x0000000800000000)
  region size 8192K, 1 young (8192K), 1 survivors (8192K)
 Metaspace       used 59632K, committed 60160K, reserved 1114112K
  class space    used 7989K, committed 8256K, reserved 1048576K
}
Event: 37.451 GC heap before
{Heap before GC invocations=14 (full 0):
 garbage-first heap   total 114688K, used 72452K [0x0000000403800000, 0x0000000800000000)
  region size 8192K, 5 young (40960K), 1 survivors (8192K)
 Metaspace       used 64575K, committed 65152K, reserved 1114112K
  class space    used 8671K, committed 8960K, reserved 1048576K
}
Event: 37.455 GC heap after
{Heap after GC invocations=15 (full 0):
 garbage-first heap   total 114688K, used 41768K [0x0000000403800000, 0x0000000800000000)
  region size 8192K, 1 young (8192K), 1 survivors (8192K)
 Metaspace       used 64575K, committed 65152K, reserved 1114112K
  class space    used 8671K, committed 8960K, reserved 1048576K
}

Dll operation events (14 events):
Event: 0.022 Loaded shared library C:\Users\root\.jdks\corretto-17.0.14\bin\java.dll
Event: 0.041 Loaded shared library C:\Users\root\.jdks\corretto-17.0.14\bin\jsvml.dll
Event: 0.113 Loaded shared library C:\Users\root\.jdks\corretto-17.0.14\bin\zip.dll
Event: 0.117 Loaded shared library C:\Users\root\.jdks\corretto-17.0.14\bin\instrument.dll
Event: 0.121 Loaded shared library C:\Users\root\.jdks\corretto-17.0.14\bin\net.dll
Event: 0.123 Loaded shared library C:\Users\root\.jdks\corretto-17.0.14\bin\nio.dll
Event: 0.124 Loaded shared library C:\Users\root\.jdks\corretto-17.0.14\bin\zip.dll
Event: 0.217 Loaded shared library D:\Program Files\JetBrains\IntelliJ IDEA Community Edition 2024.3.3\bin\breakgen64.dll
Event: 0.229 Loaded shared library C:\Users\root\.jdks\corretto-17.0.14\bin\extnet.dll
Event: 0.249 Loaded shared library C:\Users\root\.jdks\corretto-17.0.14\bin\jimage.dll
Event: 2.119 Loaded shared library C:\Users\root\.jdks\corretto-17.0.14\bin\sunmscapi.dll
Event: 3.548 Loaded shared library C:\Users\root\.jdks\corretto-17.0.14\bin\management.dll
Event: 3.549 Loaded shared library C:\Users\root\.jdks\corretto-17.0.14\bin\management_ext.dll
Event: 3.723 Loaded shared library C:\Users\root\.jdks\corretto-17.0.14\bin\verify.dll

Deoptimization events (20 events):
Event: 30.325 Thread 0x0000029dc8fadae0 Uncommon trap: trap_request=0xffffff45 fr.pc=0x0000029d07d7c58c relative=0x000000000000024c
Event: 30.325 Thread 0x0000029dc8fadae0 Uncommon trap: reason=unstable_if action=reinterpret pc=0x0000029d07d7c58c method=java.util.HashMap.getNode(Ljava/lang/Object;)Ljava/util/HashMap$Node; @ 66 c2
Event: 30.325 Thread 0x0000029dc8fadae0 DEOPT PACKING pc=0x0000029d07d7c58c sp=0x000000c1fa5f9d50
Event: 30.325 Thread 0x0000029dc8fadae0 DEOPT UNPACKING pc=0x0000029d074a69a3 sp=0x000000c1fa5f9c70 mode 2
Event: 34.027 Thread 0x0000029dc826d540 DEOPT PACKING pc=0x0000029d00c89b72 sp=0x000000c1f8cfe060
Event: 34.027 Thread 0x0000029dc826d540 DEOPT UNPACKING pc=0x0000029d074a7143 sp=0x000000c1f8cfd570 mode 0
Event: 45.601 Thread 0x0000029dc8269d90 Uncommon trap: trap_request=0xffffff45 fr.pc=0x0000029d07c3b838 relative=0x0000000000000098
Event: 45.601 Thread 0x0000029dc8269d90 Uncommon trap: reason=unstable_if action=reinterpret pc=0x0000029d07c3b838 method=com.netflix.eureka.util.batcher.AcceptorExecutor$AcceptorRunner.drainAcceptorQueue()V @ 12 c2
Event: 45.601 Thread 0x0000029dc8269d90 DEOPT PACKING pc=0x0000029d07c3b838 sp=0x000000c1f87ff3c0
Event: 45.601 Thread 0x0000029dc8269d90 DEOPT UNPACKING pc=0x0000029d074a69a3 sp=0x000000c1f87ff358 mode 2
Event: 45.831 Thread 0x0000029dc826a2a0 DEOPT PACKING pc=0x0000029d00c89b72 sp=0x000000c1f88fe1c0
Event: 45.831 Thread 0x0000029dc826a2a0 DEOPT UNPACKING pc=0x0000029d074a7143 sp=0x000000c1f88fd6d0 mode 0
Event: 75.532 Thread 0x0000029dc8faf430 DEOPT PACKING pc=0x0000029d002273e3 sp=0x000000c1faafd3e0
Event: 75.532 Thread 0x0000029dc8facbb0 DEOPT PACKING pc=0x0000029d002273e3 sp=0x000000c1fa2fd120
Event: 75.532 Thread 0x0000029dc8faf430 DEOPT UNPACKING pc=0x0000029d074a7143 sp=0x000000c1faafc888 mode 3
Event: 75.532 Thread 0x0000029dc8facbb0 DEOPT UNPACKING pc=0x0000029d074a7143 sp=0x000000c1fa2fc5c8 mode 3
Event: 81.306 Thread 0x0000029dc8269d90 Uncommon trap: trap_request=0xffffff45 fr.pc=0x0000029d07d0e90c relative=0x0000000000000e8c
Event: 81.306 Thread 0x0000029dc8269d90 Uncommon trap: reason=unstable_if action=reinterpret pc=0x0000029d07d0e90c method=com.netflix.eureka.util.batcher.AcceptorExecutor$AcceptorRunner.drainReprocessQueue()V @ 54 c2
Event: 81.306 Thread 0x0000029dc8269d90 DEOPT PACKING pc=0x0000029d07d0e90c sp=0x000000c1f87ff370
Event: 81.306 Thread 0x0000029dc8269d90 DEOPT UNPACKING pc=0x0000029d074a69a3 sp=0x000000c1f87ff338 mode 2

Classes loaded (20 events):
Event: 29.827 Loading class java/lang/EnumBeanInfo
Event: 29.827 Loading class java/lang/EnumBeanInfo done
Event: 29.827 Loading class java/lang/EnumCustomizer
Event: 29.827 Loading class java/lang/EnumCustomizer done
Event: 29.828 Loading class java/lang/EnumCustomizer
Event: 29.828 Loading class java/lang/EnumCustomizer done
Event: 29.828 Loading class java/lang/Enum$EnumDesc
Event: 29.828 Loading class java/lang/Enum$EnumDesc done
Event: 29.909 Loading class java/time/format/DateTimeFormatterBuilder$ZoneTextPrinterParser
Event: 29.910 Loading class java/time/format/DateTimeFormatterBuilder$ZoneTextPrinterParser done
Event: 29.910 Loading class java/time/format/DateTimeFormatterBuilder$ReducedPrinterParser
Event: 29.910 Loading class java/time/format/DateTimeFormatterBuilder$ReducedPrinterParser done
Event: 29.956 Loading class java/util/concurrent/atomic/Striped64$Cell
Event: 29.956 Loading class java/util/concurrent/atomic/Striped64$Cell done
Event: 30.302 Loading class java/util/stream/ReduceOps$7
Event: 30.302 Loading class java/util/stream/ReduceOps$7 done
Event: 30.302 Loading class java/util/stream/ReduceOps$6ReducingSink
Event: 30.302 Loading class java/util/stream/ReduceOps$6ReducingSink done
Event: 75.531 Loading class java/util/concurrent/locks/ReentrantReadWriteLock$Sync$HoldCounter
Event: 75.532 Loading class java/util/concurrent/locks/ReentrantReadWriteLock$Sync$HoldCounter done

Classes unloaded (0 events):
No events

Classes redefined (0 events):
No events

Internal exceptions (20 events):
Event: 85.682 Thread 0x0000029dc826e980 Exception <a 'java/net/ConnectException'{0x0000000408fa2b98}: Connection refused: getsockopt> (0x0000000408fa2b98) 
thrown [s\src\hotspot\share\prims\jni.cpp, line 535]
Event: 85.682 Thread 0x0000029dc826e980 Exception <a 'java/net/SocketException'{0x0000000408fa3178}: Socket is not connected: shutdown> (0x0000000408fa3178) 
thrown [s\src\hotspot\share\prims\jni.cpp, line 535]
Event: 85.703 Thread 0x0000029dc826e980 Exception <a 'java/net/ConnectException'{0x0000000408fa39c0}: Connection refused: getsockopt> (0x0000000408fa39c0) 
thrown [s\src\hotspot\share\prims\jni.cpp, line 535]
Event: 85.703 Thread 0x0000029dc826e980 Exception <a 'java/net/SocketException'{0x0000000408fa3fa0}: Socket is not connected: shutdown> (0x0000000408fa3fa0) 
thrown [s\src\hotspot\share\prims\jni.cpp, line 535]
Event: 85.810 Thread 0x0000029dc826acc0 Exception <a 'java/net/ConnectException'{0x0000000408fb19e0}: Connection refused: getsockopt> (0x0000000408fb19e0) 
thrown [s\src\hotspot\share\prims\jni.cpp, line 535]
Event: 85.810 Thread 0x0000029dc826acc0 Exception <a 'java/net/SocketException'{0x0000000408fb1fc0}: Socket is not connected: shutdown> (0x0000000408fb1fc0) 
thrown [s\src\hotspot\share\prims\jni.cpp, line 535]
Event: 85.810 Thread 0x0000029dc826acc0 Exception <a 'java/net/ConnectException'{0x0000000408fb2808}: Connection refused: getsockopt> (0x0000000408fb2808) 
thrown [s\src\hotspot\share\prims\jni.cpp, line 535]
Event: 85.810 Thread 0x0000029dc826acc0 Exception <a 'java/net/SocketException'{0x0000000408fb2de8}: Socket is not connected: shutdown> (0x0000000408fb2de8) 
thrown [s\src\hotspot\share\prims\jni.cpp, line 535]
Event: 85.916 Thread 0x0000029dc826d540 Exception <a 'java/net/ConnectException'{0x0000000408fbdb50}: Connection refused: getsockopt> (0x0000000408fbdb50) 
thrown [s\src\hotspot\share\prims\jni.cpp, line 535]
Event: 85.916 Thread 0x0000029dc826d540 Exception <a 'java/net/SocketException'{0x0000000408fbe130}: Socket is not connected: shutdown> (0x0000000408fbe130) 
thrown [s\src\hotspot\share\prims\jni.cpp, line 535]
Event: 85.927 Thread 0x0000029dc826d540 Exception <a 'java/net/ConnectException'{0x0000000408fbe978}: Connection refused: getsockopt> (0x0000000408fbe978) 
thrown [s\src\hotspot\share\prims\jni.cpp, line 535]
Event: 85.927 Thread 0x0000029dc826d540 Exception <a 'java/net/SocketException'{0x0000000408fbef58}: Socket is not connected: shutdown> (0x0000000408fbef58) 
thrown [s\src\hotspot\share\prims\jni.cpp, line 535]
Event: 86.030 Thread 0x0000029dc826b6e0 Exception <a 'java/net/ConnectException'{0x0000000408fce230}: Connection refused: getsockopt> (0x0000000408fce230) 
thrown [s\src\hotspot\share\prims\jni.cpp, line 535]
Event: 86.030 Thread 0x0000029dc826b6e0 Exception <a 'java/net/SocketException'{0x0000000408fce810}: Socket is not connected: shutdown> (0x0000000408fce810) 
thrown [s\src\hotspot\share\prims\jni.cpp, line 535]
Event: 86.041 Thread 0x0000029dc826b6e0 Exception <a 'java/net/ConnectException'{0x0000000408fcf058}: Connection refused: getsockopt> (0x0000000408fcf058) 
thrown [s\src\hotspot\share\prims\jni.cpp, line 535]
Event: 86.041 Thread 0x0000029dc826b6e0 Exception <a 'java/net/SocketException'{0x0000000408fcf638}: Socket is not connected: shutdown> (0x0000000408fcf638) 
thrown [s\src\hotspot\share\prims\jni.cpp, line 535]
Event: 86.156 Thread 0x0000029dc826f3a0 Exception <a 'java/net/ConnectException'{0x0000000408fd8618}: Connection refused: getsockopt> (0x0000000408fd8618) 
thrown [s\src\hotspot\share\prims\jni.cpp, line 535]
Event: 86.156 Thread 0x0000029dc826f3a0 Exception <a 'java/net/SocketException'{0x0000000408fd8bf8}: Socket is not connected: shutdown> (0x0000000408fd8bf8) 
thrown [s\src\hotspot\share\prims\jni.cpp, line 535]
Event: 86.157 Thread 0x0000029dc826f3a0 Exception <a 'java/net/ConnectException'{0x0000000408fd9440}: Connection refused: getsockopt> (0x0000000408fd9440) 
thrown [s\src\hotspot\share\prims\jni.cpp, line 535]
Event: 86.157 Thread 0x0000029dc826f3a0 Exception <a 'java/net/SocketException'{0x0000000408fd9a20}: Socket is not connected: shutdown> (0x0000000408fd9a20) 
thrown [s\src\hotspot\share\prims\jni.cpp, line 535]

VM Operations (20 events):
Event: 67.208 Executing VM operation: Cleanup
Event: 67.208 Executing VM operation: Cleanup done
Event: 68.208 Executing VM operation: Cleanup
Event: 68.208 Executing VM operation: Cleanup done
Event: 72.209 Executing VM operation: Cleanup
Event: 72.209 Executing VM operation: Cleanup done
Event: 74.210 Executing VM operation: Cleanup
Event: 74.210 Executing VM operation: Cleanup done
Event: 76.212 Executing VM operation: Cleanup
Event: 76.212 Executing VM operation: Cleanup done
Event: 77.212 Executing VM operation: Cleanup
Event: 77.212 Executing VM operation: Cleanup done
Event: 78.213 Executing VM operation: Cleanup
Event: 78.213 Executing VM operation: Cleanup done
Event: 79.213 Executing VM operation: Cleanup
Event: 79.213 Executing VM operation: Cleanup done
Event: 81.214 Executing VM operation: Cleanup
Event: 81.214 Executing VM operation: Cleanup done
Event: 82.215 Executing VM operation: Cleanup
Event: 82.215 Executing VM operation: Cleanup done

Memory protections (0 events):
No events

Nmethod flushes (20 events):
Event: 29.549 Thread 0x0000029d3644ccf0 flushing  nmethod 0x0000029d00ce2490
Event: 29.549 Thread 0x0000029d3644ccf0 flushing osr nmethod 0x0000029d00ce3f10
Event: 29.549 Thread 0x0000029d3644ccf0 flushing  nmethod 0x0000029d00cf4010
Event: 29.549 Thread 0x0000029d3644ccf0 flushing  nmethod 0x0000029d00d0b790
Event: 29.549 Thread 0x0000029d3644ccf0 flushing  nmethod 0x0000029d00d0bb10
Event: 29.549 Thread 0x0000029d3644ccf0 flushing  nmethod 0x0000029d00d0bf90
Event: 29.549 Thread 0x0000029d3644ccf0 flushing  nmethod 0x0000029d00d0c610
Event: 29.549 Thread 0x0000029d3644ccf0 flushing  nmethod 0x0000029d00d0c990
Event: 29.549 Thread 0x0000029d3644ccf0 flushing  nmethod 0x0000029d00d0dc90
Event: 29.549 Thread 0x0000029d3644ccf0 flushing  nmethod 0x0000029d00d14010
Event: 29.549 Thread 0x0000029d3644ccf0 flushing  nmethod 0x0000029d00d24a90
Event: 29.549 Thread 0x0000029d3644ccf0 flushing  nmethod 0x0000029d00d26190
Event: 29.549 Thread 0x0000029d3644ccf0 flushing  nmethod 0x0000029d00d26910
Event: 29.549 Thread 0x0000029d3644ccf0 flushing  nmethod 0x0000029d00d27290
Event: 29.549 Thread 0x0000029d3644ccf0 flushing  nmethod 0x0000029d00d27790
Event: 29.549 Thread 0x0000029d3644ccf0 flushing  nmethod 0x0000029d00d43d90
Event: 29.549 Thread 0x0000029d3644ccf0 flushing  nmethod 0x0000029d00d44610
Event: 29.549 Thread 0x0000029d3644ccf0 flushing  nmethod 0x0000029d00d94710
Event: 29.549 Thread 0x0000029d3644ccf0 flushing  nmethod 0x0000029d00dac810
Event: 29.549 Thread 0x0000029d3644ccf0 flushing  nmethod 0x0000029d00dca510

Events (20 events):
Event: 63.433 Thread 0x0000029d36447360 Thread added: 0x0000029dc6350350
Event: 63.433 Thread 0x0000029d36447360 Thread added: 0x0000029dc634de20
Event: 64.116 Thread 0x0000029dc634de20 Thread exited: 0x0000029dc634de20
Event: 64.116 Thread 0x0000029dc6350350 Thread exited: 0x0000029dc6350350
Event: 64.117 Thread 0x0000029dc634e370 Thread exited: 0x0000029dc634e370
Event: 64.222 Thread 0x0000029d36447360 Thread added: 0x0000029dc634ee10
Event: 64.222 Thread 0x0000029d36447360 Thread added: 0x0000029dc634f360
Event: 64.222 Thread 0x0000029d36447360 Thread added: 0x0000029dc6350350
Event: 65.971 Thread 0x0000029dc6350350 Thread exited: 0x0000029dc6350350
Event: 66.346 Thread 0x0000029dc634f360 Thread exited: 0x0000029dc634f360
Event: 66.541 Thread 0x0000029dc634ee10 Thread exited: 0x0000029dc634ee10
Event: 66.675 Thread 0x0000029dcb5c4230 Thread exited: 0x0000029dcb5c4230
Event: 77.211 Thread 0x0000029d36447360 Thread added: 0x0000029dc6350350
Event: 78.313 Thread 0x0000029dc6350350 Thread exited: 0x0000029dc6350350
Event: 78.313 Thread 0x0000029d36447360 Thread added: 0x0000029dc634e370
Event: 78.313 Thread 0x0000029d36447360 Thread added: 0x0000029dc6350df0
Event: 78.314 Thread 0x0000029d36447360 Thread added: 0x0000029dc6351340
Event: 79.530 Thread 0x0000029dc6351340 Thread exited: 0x0000029dc6351340
Event: 79.646 Thread 0x0000029dc6350df0 Thread exited: 0x0000029dc6350df0
Event: 80.226 Thread 0x0000029dc634e370 Thread exited: 0x0000029dc634e370


Dynamic libraries:
0x00007ff730e60000 - 0x00007ff730e6e000 	C:\Users\root\.jdks\corretto-17.0.14\bin\java.exe
0x00007ff9d4c60000 - 0x00007ff9d4ec6000 	C:\WINDOWS\SYSTEM32\ntdll.dll
0x00007ff9d3c90000 - 0x00007ff9d3d59000 	C:\WINDOWS\System32\KERNEL32.DLL
0x00007ff9d20f0000 - 0x00007ff9d24ea000 	C:\WINDOWS\System32\KERNELBASE.dll
0x00007ff9d1ef0000 - 0x00007ff9d203c000 	C:\WINDOWS\System32\ucrtbase.dll
0x00007ff9ca530000 - 0x00007ff9ca547000 	C:\Users\root\.jdks\corretto-17.0.14\bin\jli.dll
0x00007ff9b44f0000 - 0x00007ff9b450b000 	C:\Users\root\.jdks\corretto-17.0.14\bin\VCRUNTIME140.dll
0x00007ff9d3210000 - 0x00007ff9d33d7000 	C:\WINDOWS\System32\USER32.dll
0x00007ff9d29a0000 - 0x00007ff9d29c7000 	C:\WINDOWS\System32\win32u.dll
0x00007ff9b5880000 - 0x00007ff9b5b12000 	C:\WINDOWS\WinSxS\amd64_microsoft.windows.common-controls_6595b64144ccf1df_6.0.26100.8521_none_3e08b75ce33403b3\COMCTL32.dll
0x00007ff9d2b40000 - 0x00007ff9d2b6b000 	C:\WINDOWS\System32\GDI32.dll
0x00007ff9d3d70000 - 0x00007ff9d3e19000 	C:\WINDOWS\System32\msvcrt.dll
0x00007ff9d24f0000 - 0x00007ff9d261b000 	C:\WINDOWS\System32\gdi32full.dll
0x00007ff9d2040000 - 0x00007ff9d20e3000 	C:\WINDOWS\System32\msvcp_win.dll
0x00007ff9d2b70000 - 0x00007ff9d2ba2000 	C:\WINDOWS\System32\IMM32.DLL
0x00007ff99da60000 - 0x00007ff99da6c000 	C:\Users\root\.jdks\corretto-17.0.14\bin\vcruntime140_1.dll
0x00007ff8c6050000 - 0x00007ff8c60dd000 	C:\Users\root\.jdks\corretto-17.0.14\bin\msvcp140.dll
0x00007ff890b30000 - 0x00007ff89179c000 	C:\Users\root\.jdks\corretto-17.0.14\bin\server\jvm.dll
0x00007ff9d2cb0000 - 0x00007ff9d2d66000 	C:\WINDOWS\System32\ADVAPI32.dll
0x00007ff9d4640000 - 0x00007ff9d46ea000 	C:\WINDOWS\System32\sechost.dll
0x00007ff9d33e0000 - 0x00007ff9d34f8000 	C:\WINDOWS\System32\RPCRT4.dll
0x00007ff9d3180000 - 0x00007ff9d3200000 	C:\WINDOWS\System32\WS2_32.dll
0x00007ff9d1ba0000 - 0x00007ff9d1bfe000 	C:\WINDOWS\SYSTEM32\POWRPROF.dll
0x00007ff9c1510000 - 0x00007ff9c1546000 	C:\WINDOWS\SYSTEM32\WINMM.dll
0x00007ff9c9560000 - 0x00007ff9c956b000 	C:\WINDOWS\SYSTEM32\VERSION.dll
0x00007ff9d1b80000 - 0x00007ff9d1b94000 	C:\WINDOWS\SYSTEM32\UMPDC.dll
0x00007ff9d0c40000 - 0x00007ff9d0c5b000 	C:\WINDOWS\SYSTEM32\kernel.appcore.dll
0x00007ff99d7b0000 - 0x00007ff99d7ba000 	C:\Users\root\.jdks\corretto-17.0.14\bin\jimage.dll
0x00007ff9cf430000 - 0x00007ff9cf672000 	C:\WINDOWS\SYSTEM32\DBGHELP.DLL
0x00007ff9d2d70000 - 0x00007ff9d30f3000 	C:\WINDOWS\System32\combase.dll
0x00007ff9d29d0000 - 0x00007ff9d2aa9000 	C:\WINDOWS\System32\OLEAUT32.dll
0x00007ff9a9290000 - 0x00007ff9a92cb000 	C:\WINDOWS\SYSTEM32\dbgcore.DLL
0x00007ff9d2620000 - 0x00007ff9d26c8000 	C:\WINDOWS\System32\bcryptPrimitives.dll
0x00007ff96a4c0000 - 0x00007ff96a4ce000 	C:\Users\root\.jdks\corretto-17.0.14\bin\instrument.dll
0x00007ff999840000 - 0x00007ff999865000 	C:\Users\root\.jdks\corretto-17.0.14\bin\java.dll
0x00007ff8c5f70000 - 0x00007ff8c6047000 	C:\Users\root\.jdks\corretto-17.0.14\bin\jsvml.dll
0x00007ff9d3500000 - 0x00007ff9d3c84000 	C:\WINDOWS\System32\SHELL32.dll
0x00007ff9cfa90000 - 0x00007ff9d0310000 	C:\WINDOWS\SYSTEM32\windows.storage.dll
0x00007ff9d4a50000 - 0x00007ff9d4b46000 	C:\WINDOWS\System32\SHCORE.dll
0x00007ff9d4060000 - 0x00007ff9d40c7000 	C:\WINDOWS\System32\shlwapi.dll
0x00007ff9d1e10000 - 0x00007ff9d1e39000 	C:\WINDOWS\SYSTEM32\profapi.dll
0x00007ff993c70000 - 0x00007ff993c88000 	C:\Users\root\.jdks\corretto-17.0.14\bin\zip.dll
0x00007ff99ccc0000 - 0x00007ff99ccd9000 	C:\Users\root\.jdks\corretto-17.0.14\bin\net.dll
0x00007ff9cb200000 - 0x00007ff9cb329000 	C:\WINDOWS\SYSTEM32\WINHTTP.dll
0x00007ff9d1190000 - 0x00007ff9d11fc000 	C:\WINDOWS\system32\mswsock.dll
0x00007ff994180000 - 0x00007ff994196000 	C:\Users\root\.jdks\corretto-17.0.14\bin\nio.dll
0x00007ff961b30000 - 0x00007ff961b4a000 	D:\Program Files\JetBrains\IntelliJ IDEA Community Edition 2024.3.3\bin\breakgen64.dll
0x00007ff99d780000 - 0x00007ff99d789000 	C:\Users\root\.jdks\corretto-17.0.14\bin\extnet.dll
0x00007ff9d0620000 - 0x00007ff9d0653000 	C:\WINDOWS\SYSTEM32\IPHLPAPI.DLL
0x00007ff9d4630000 - 0x00007ff9d463a000 	C:\WINDOWS\System32\NSI.dll
0x00007ff9cb130000 - 0x00007ff9cb14d000 	C:\WINDOWS\SYSTEM32\dhcpcsvc6.DLL
0x00007ff9cb100000 - 0x00007ff9cb125000 	C:\WINDOWS\SYSTEM32\dhcpcsvc.DLL
0x00007ff9d0660000 - 0x00007ff9d07aa000 	C:\WINDOWS\SYSTEM32\DNSAPI.dll
0x00007ff9d0fd0000 - 0x00007ff9d0fdd000 	C:\WINDOWS\SYSTEM32\DSPARSE.dll
0x00007ff9c24b0000 - 0x00007ff9c24bb000 	C:\Windows\System32\rasadhlp.dll
0x00007ff9ca180000 - 0x00007ff9ca206000 	C:\WINDOWS\System32\fwpuclnt.dll
0x00007ff970e60000 - 0x00007ff970e6e000 	C:\Users\root\.jdks\corretto-17.0.14\bin\sunmscapi.dll
0x00007ff9d2790000 - 0x00007ff9d2908000 	C:\WINDOWS\System32\CRYPT32.dll
0x00007ff9d16f0000 - 0x00007ff9d1720000 	C:\WINDOWS\SYSTEM32\ncrypt.dll
0x00007ff9d16a0000 - 0x00007ff9d16df000 	C:\WINDOWS\SYSTEM32\NTASN1.dll
0x00007ff9d1590000 - 0x00007ff9d15ab000 	C:\WINDOWS\SYSTEM32\CRYPTSP.dll
0x00007ff9d0ba0000 - 0x00007ff9d0bd9000 	C:\WINDOWS\system32\rsaenh.dll
0x00007ff9d1240000 - 0x00007ff9d1273000 	C:\WINDOWS\SYSTEM32\USERENV.dll
0x00007ff9d1de0000 - 0x00007ff9d1e0a000 	C:\WINDOWS\SYSTEM32\bcrypt.dll
0x00007ff9d13f0000 - 0x00007ff9d13fc000 	C:\WINDOWS\SYSTEM32\CRYPTBASE.dll
0x00007ff96a4b0000 - 0x00007ff96a4b9000 	C:\Users\root\.jdks\corretto-17.0.14\bin\management.dll
0x00007ff967a00000 - 0x00007ff967a0b000 	C:\Users\root\.jdks\corretto-17.0.14\bin\management_ext.dll
0x00007ff9d4710000 - 0x00007ff9d4718000 	C:\WINDOWS\System32\PSAPI.DLL
0x00007ff9928d0000 - 0x00007ff9928e0000 	C:\Users\root\.jdks\corretto-17.0.14\bin\verify.dll
0x00007ff9b0840000 - 0x00007ff9b0858000 	C:\WINDOWS\system32\napinsp.dll
0x00007ff9b0820000 - 0x00007ff9b0833000 	C:\WINDOWS\System32\winrnr.dll
0x00007ff9b07f0000 - 0x00007ff9b0812000 	C:\WINDOWS\system32\nlansp_c.dll
0x00007ff9adbd0000 - 0x00007ff9adbe6000 	C:\WINDOWS\system32\wshbth.dll
0x00007ff9b6290000 - 0x00007ff9b6298000 	C:\WINDOWS\system32\wshunix.dll

dbghelp: loaded successfully - version: 4.0.5 - missing functions: none
symbol engine: initialized successfully - sym options: 0x614 - pdb path: .;C:\Users\root\.jdks\corretto-17.0.14\bin;C:\WINDOWS\SYSTEM32;C:\WINDOWS\WinSxS\amd64_microsoft.windows.common-controls_6595b64144ccf1df_6.0.26100.8521_none_3e08b75ce33403b3;C:\Users\root\.jdks\corretto-17.0.14\bin\server;D:\Program Files\JetBrains\IntelliJ IDEA Community Edition 2024.3.3\bin

VM Arguments:
jvm_args: -javaagent:D:\Program Files\JetBrains\IntelliJ IDEA Community Edition 2024.3.3\lib\idea_rt.jar=36775:D:\Program Files\JetBrains\IntelliJ IDEA Community Edition 2024.3.3\bin -Dfile.encoding=UTF-8 
java_command: project.general_service_registry.GeneralServiceRegistryApplication
java_class_path (initial): E:\1pcreeper\projects\001 Project\codes\v001\1pcreeper\backend\general\service-registry\target\classes;C:\Users\root\.m2\repository\org\springframework\cloud\spring-cloud-starter-netflix-eureka-server\4.2.0\spring-cloud-starter-netflix-eureka-server-4.2.0.jar;C:\Users\root\.m2\repository\org\springframework\cloud\spring-cloud-starter\4.2.0\spring-cloud-starter-4.2.0.jar;C:\Users\root\.m2\repository\org\springframework\cloud\spring-cloud-context\4.2.0\spring-cloud-context-4.2.0.jar;C:\Users\root\.m2\repository\org\springframework\security\spring-security-crypto\6.4.3\spring-security-crypto-6.4.3.jar;C:\Users\root\.m2\repository\org\springframework\cloud\spring-cloud-commons\4.2.0\spring-cloud-commons-4.2.0.jar;C:\Users\root\.m2\repository\org\bouncycastle\bcprov-jdk18on\1.78.1\bcprov-jdk18on-1.78.1.jar;C:\Users\root\.m2\repository\org\springframework\cloud\spring-cloud-netflix-eureka-server\4.2.0\spring-cloud-netflix-eureka-server-4.2.0.jar;C:\Users\root\.m2\repository\org\springframework\boot\spring-boot-starter-actuator\3.4.3\spring-boot-starter-actuator-3.4.3.jar;C:\Users\root\.m2\repository\org\springframework\boot\spring-boot-actuator-autoconfigure\3.4.3\spring-boot-actuator-autoconfigure-3.4.3.jar;C:\Users\root\.m2\repository\org\springframework\boot\spring-boot-actuator\3.4.3\spring-boot-actuator-3.4.3.jar;C:\Users\root\.m2\repository\io\micrometer\micrometer-jakarta9\1.14.4\micrometer-jakarta9-1.14.4.jar;C:\Users\root\.m2\repository\io\micrometer\micrometer-core\1.14.4\micrometer-core-1.14.4.jar;C:\Users\root\.m2\repository\org\hdrhistogram\HdrHistogram\2.2.2\HdrHistogram-2.2.2.jar;C:\Users\root\.m2\repository\org\latencyutils\LatencyUtils\2.0.3\LatencyUtils-2.0.3.jar;C:\Users\root\.m2\repository\org\springframework\boot\spring-boot-starter-freemarker\3.4.3\spring-boot-starter-freemarker-3.4.3.jar;C:\Users\root\.m2\repository\org\freemarker\freemarker\2.3.34\freemarker-2.3.34.jar;C:\Users\root\.m2\repository\org\springframework\sp
Launcher Type: SUN_STANDARD

[Global flags]
     intx CICompilerCount                          = 12                                        {product} {ergonomic}
     uint ConcGCThreads                            = 5                                         {product} {ergonomic}
     uint G1ConcRefinementThreads                  = 20                                        {product} {ergonomic}
   size_t G1HeapRegionSize                         = 8388608                                   {product} {ergonomic}
    uintx GCDrainStackTargetSize                   = 64                                        {product} {ergonomic}
   size_t InitialHeapSize                          = 1073741824                                {product} {ergonomic}
   size_t MarkStackSize                            = 4194304                                   {product} {ergonomic}
   size_t MaxHeapSize                              = 17121148928                               {product} {ergonomic}
   size_t MaxNewSize                               = 10267656192                               {product} {ergonomic}
   size_t MinHeapDeltaBytes                        = 8388608                                   {product} {ergonomic}
   size_t MinHeapSize                              = 8388608                                   {product} {ergonomic}
    uintx NonNMethodCodeHeapSize                   = 7602480                                {pd product} {ergonomic}
    uintx NonProfiledCodeHeapSize                  = 122027880                              {pd product} {ergonomic}
    uintx ProfiledCodeHeapSize                     = 122027880                              {pd product} {ergonomic}
    uintx ReservedCodeCacheSize                    = 251658240                              {pd product} {ergonomic}
     bool SegmentedCodeCache                       = true                                      {product} {ergonomic}
   size_t SoftMaxHeapSize                          = 17121148928                            {manageable} {ergonomic}
     bool UseCompressedClassPointers               = true                           {product lp64_product} {ergonomic}
     bool UseCompressedOops                        = true                           {product lp64_product} {ergonomic}
     bool UseG1GC                                  = true                                      {product} {ergonomic}
     bool UseLargePagesIndividualAllocation        = false                                  {pd product} {ergonomic}

Logging:
Log output configuration:
 #0: stdout all=warning uptime,level,tags
 #1: stderr all=off uptime,level,tags

Environment Variables:
PATH=C:\Program Files\NVIDIA GPU Computing Toolkit\CUDA\v13.0\bin\x64;C:\Program Files\NVIDIA GPU Computing Toolkit\CUDA\v13.0\bin;C:\Program Files (x86)\VMware\VMware Player\bin\;C:\Program Files\Common Files\Oracle\Java\javapath;C:\Program Files (x86)\oh-my-posh\bin\;C:\WINDOWS\system32;C:\WINDOWS;C:\WINDOWS\System32\Wbem;C:\WINDOWS\System32\WindowsPowerShell\v1.0\;C:\WINDOWS\System32\OpenSSH\;C:\Program Files\dotnet\;D:\Program Files\Git\cmd;C:\Program Files\Microsoft SQL Server\150\Tools\Binn\;C:\Program Files\Microsoft SQL Server\Client SDK\ODBC\170\Tools\Binn\;C:\ProgramData\chocolatey\bin;D:\Program Files\Wireshark;C:\Users\root\.bun\bin;D:\Program Files\MySQL\MySQL Shell 9.3\bin;C:\Program Files\NVIDIA Corporation\NVIDIA App\NvDLISR;C:\Program Files (x86)\NVIDIA Corporation\PhysX\Common;C:\Program Files\Tailscale\;D:\Program Files (x86)\Google\Cloud SDK\google-cloud-sdk\bin;C:\Program Files (x86)\cloudflared\;C:\Program Files\Cloudflare\Cloudflare WARP\;C:\Program Files\Docker\Docker\resources\bin;C:\Program Files\NVIDIA Corporation\Nsight Compute 2025.3.1\;C:\Program Files\RedHat\Podman\;C:\Program Files\Microsoft SQL Server\170\Tools\Binn\;D:\Program Files\nodejs\;D:\Program Files\PowerShell\7\;C:\Users\root\scoop\shims;D:\Program Files\MySQL\MySQL Shell 9.3\bin\;C:\Users\root\.cargo\bin;D:\Users\root\AppData\Local\Programs\Python\Python313\Scripts\;D:\Users\root\AppData\Local\Programs\Python\Python313\;C:\Users\root\AppData\Local\Programs\oh-my-posh\bin\;C:\Users\root\AppData\Local\Microsoft\WindowsApps;D:\Users\root\AppData\Local\Programs\Microsoft VS Code\bin;D:\Program Files\JetBrains\IntelliJ IDEA Community Edition 2024.3.3\bin;;D:\Users\root\AppData\Local\Programs\Azure Data Studio\bin;C:\assets\cli;D:\Program Files\maven\apache-maven-3.9.9\bin;D:\Program Files (x86)\Nmap;C:\Users\root\.bun\bin;C:\Users\root\AppData\Local\GitHubDesktop\bin;D:\Program Files\JetBrains\PyCharm 2025.2.4\bin;D:\Users\root\AppData\Local\Programs\Antigravity\bin;C:\Program Files\Multipass\bin;C:\Users\root\.dotnet\tools;F:\Users\root\AppData\Local\Programs\Zed\bin;C:\Users\root\AppData\Roaming\npm;C:\Program Files\OpenSSL-Win64\bin
USERNAME=root
OS=Windows_NT
PROCESSOR_IDENTIFIER=Intel64 Family 6 Model 183 Stepping 1, GenuineIntel
TMP=C:\Users\root\AppData\Local\Temp
TEMP=C:\Users\root\AppData\Local\Temp



Periodic native trim disabled


---------------  S Y S T E M  ---------------

OS:
 Windows 11 , 64 bit Build 26100 (10.0.26100.8521)
OS uptime: 10 days 4:09 hours
Hyper-V role detected

CPU: total 28 (initial active 28) (14 cores per cpu, 2 threads per core) family 6 model 183 stepping 1 microcode 0x119, cx8, cmov, fxsr, ht, mmx, 3dnowpref, sse, sse2, sse3, ssse3, sse4.1, sse4.2, popcnt, lzcnt, tsc, tscinvbit, avx, avx2, aes, erms, clmul, bmi1, bmi2, adx, sha, fma, vzeroupper, clflush, clflushopt, clwb, hv
Processor Information for processor 0
  Max Mhz: 2100, Current Mhz: 2100, Mhz Limit: 2100
Processor Information for processor 1
  Max Mhz: 2100, Current Mhz: 2100, Mhz Limit: 2100
Processor Information for processor 2
  Max Mhz: 2100, Current Mhz: 2100, Mhz Limit: 2100
Processor Information for processor 3
  Max Mhz: 2100, Current Mhz: 2100, Mhz Limit: 2100
Processor Information for processor 4
  Max Mhz: 2100, Current Mhz: 2100, Mhz Limit: 2100
Processor Information for processor 5
  Max Mhz: 2100, Current Mhz: 2100, Mhz Limit: 2100
Processor Information for processor 6
  Max Mhz: 2100, Current Mhz: 2100, Mhz Limit: 2100
Processor Information for processor 7
  Max Mhz: 2100, Current Mhz: 2100, Mhz Limit: 2100
Processor Information for processor 8
  Max Mhz: 2100, Current Mhz: 2100, Mhz Limit: 2100
Processor Information for processor 9
  Max Mhz: 2100, Current Mhz: 2100, Mhz Limit: 2100
Processor Information for processor 10
  Max Mhz: 2100, Current Mhz: 2100, Mhz Limit: 2100
Processor Information for processor 11
  Max Mhz: 2100, Current Mhz: 2100, Mhz Limit: 2100
Processor Information for processor 12
  Max Mhz: 2100, Current Mhz: 2100, Mhz Limit: 2100
Processor Information for processor 13
  Max Mhz: 2100, Current Mhz: 2100, Mhz Limit: 2100
Processor Information for processor 14
  Max Mhz: 2100, Current Mhz: 2100, Mhz Limit: 2100
Processor Information for processor 15
  Max Mhz: 2100, Current Mhz: 2100, Mhz Limit: 2100
Processor Information for processor 16
  Max Mhz: 2100, Current Mhz: 1500, Mhz Limit: 1491
Processor Information for processor 17
  Max Mhz: 2100, Current Mhz: 1500, Mhz Limit: 1491
Processor Information for processor 18
  Max Mhz: 2100, Current Mhz: 1500, Mhz Limit: 1491
Processor Information for processor 19
  Max Mhz: 2100, Current Mhz: 1500, Mhz Limit: 1491
Processor Information for processor 20
  Max Mhz: 2100, Current Mhz: 1500, Mhz Limit: 1491
Processor Information for processor 21
  Max Mhz: 2100, Current Mhz: 1500, Mhz Limit: 1491
Processor Information for processor 22
  Max Mhz: 2100, Current Mhz: 1500, Mhz Limit: 1491
Processor Information for processor 23
  Max Mhz: 2100, Current Mhz: 1500, Mhz Limit: 1491
Processor Information for processor 24
  Max Mhz: 2100, Current Mhz: 1500, Mhz Limit: 1491
Processor Information for processor 25
  Max Mhz: 2100, Current Mhz: 1500, Mhz Limit: 1491
Processor Information for processor 26
  Max Mhz: 2100, Current Mhz: 1500, Mhz Limit: 1491
Processor Information for processor 27
  Max Mhz: 2100, Current Mhz: 1500, Mhz Limit: 1491

Memory: 4k page, system-wide physical 65308M (2692M free)
TotalPageFile size 99651M (AvailPageFile size 141M)
current process WorkingSet (physical memory assigned to process): 281M, peak: 330M
current process commit charge ("private bytes"): 348M, peak: 1260M

vm_info: OpenJDK 64-Bit Server VM (17.0.14+7-LTS) for windows-amd64 JRE (17.0.14+7-LTS), built on Jan  7 2025 20:14:24 by "Administrator" with MS VC++ 16.10 / 16.11 (VS2019)

END.
